<?xml version="1.0" encoding="UTF-8"?>
<!-- Generated by org.testng.reporters.JUnitReportReporter -->
<testsuite skipped="0" hostname="MCNJY01" name="com.testtalks.karatedemo.MavenProjectSelenium.ScrollPage" tests="1" failures="0" timestamp="10 Jul 2019 07:06:47 GMT" time="5.828" errors="0">
  <testcase name="scrollPage" time="5.828" classname="com.testtalks.karatedemo.MavenProjectSelenium.ScrollPage"/>
</testsuite> <!-- com.testtalks.karatedemo.MavenProjectSelenium.ScrollPage -->
